C:\Users\elec-jack\Desktop\15-805A_電磁閥組立鎖螺絲機\電路圖\15-805AE-01.dwg,模型,2015/12/22 下午 05:16:18,elec-jack,FX DocuCentre-IV 2060 PCL 6,A4(210x297mm),1:1.01885,
C:\Users\elec-jack\Desktop\15-805A_電磁閥組立鎖螺絲機\電路圖\15-805AE-02.dwg,模型,2015/12/22 下午 05:16:27,elec-jack,FX DocuCentre-IV 2060 PCL 6,A4(210x297mm),1:1.01885,
C:\Users\elec-jack\Desktop\15-805A_電磁閥組立鎖螺絲機\電路圖\15-805AE-03.dwg,模型,2015/12/22 下午 05:16:36,elec-jack,FX DocuCentre-IV 2060 PCL 6,A4(210x297mm),1:1.01885,
C:\Users\elec-jack\Desktop\15-805A_電磁閥組立鎖螺絲機\電路圖\15-805AE-04A.dwg,模型,2015/12/22 下午 05:16:44,elec-jack,FX DocuCentre-IV 2060 PCL 6,A4(210x297mm),1:1.01885,
C:\Users\elec-jack\Desktop\15-805A_電磁閥組立鎖螺絲機\電路圖\15-805AE-04B.dwg,模型,2015/12/22 下午 05:16:52,elec-jack,FX DocuCentre-IV 2060 PCL 6,A4(210x297mm),1:1.01885,
C:\Users\elec-jack\Desktop\15-805A_電磁閥組立鎖螺絲機\電路圖\15-805AE-05A.dwg,模型,2015/12/22 下午 05:21:48,elec-jack,FX DocuCentre-IV 2060 PCL 6,A4(210x297mm),1:1.01886,
C:\Users\elec-jack\Desktop\15-805A_電磁閥組立鎖螺絲機\電路圖\15-805AE-05B.dwg,模型,2015/12/22 下午 05:21:57,elec-jack,FX DocuCentre-IV 2060 PCL 6,A4(210x297mm),1:1.01899,
C:\Users\elec-jack\Desktop\15-805A_電磁閥組立鎖螺絲機\電路圖\15-805AE-05C.dwg,模型,2015/12/22 下午 05:22:04,elec-jack,FX DocuCentre-IV 2060 PCL 6,A4(210x297mm),1:1.01899,
C:\Users\elec-jack\Desktop\15-805A_電磁閥組立鎖螺絲機\電路圖\15-805AE-05D.dwg,模型,2015/12/22 下午 05:22:18,elec-jack,FX DocuCentre-IV 2060 PCL 6,A4(210x297mm),1:1.01899,
C:\Users\elec-jack\Desktop\15-805A_電磁閥組立鎖螺絲機\電路圖\15-805AE-05E.dwg,模型,2015/12/22 下午 05:22:28,elec-jack,FX DocuCentre-IV 2060 PCL 6,A4(210x297mm),1:1.01899,
C:\Users\elec-jack\Desktop\15-805A_電磁閥組立鎖螺絲機\電路圖\15-805AE-05F.dwg,模型,2015/12/22 下午 05:22:37,elec-jack,FX DocuCentre-IV 2060 PCL 6,A4(210x297mm),1:1.01899,
C:\Users\elec-jack\Desktop\15-805A_電磁閥組立鎖螺絲機\電路圖\15-805AE-05G.dwg,模型,2015/12/22 下午 05:22:45,elec-jack,FX DocuCentre-IV 2060 PCL 6,A4(210x297mm),1:1.01899,
C:\Users\elec-jack\Desktop\15-805A_電磁閥組立鎖螺絲機\電路圖\15-805AE-05H.dwg,模型,2015/12/22 下午 05:22:54,elec-jack,FX DocuCentre-IV 2060 PCL 6,A4(210x297mm),1:1.01899,
C:\Users\elec-jack\Desktop\15-805A_電磁閥組立鎖螺絲機\電路圖\15-805AE-05I.dwg,模型,2015/12/22 下午 05:23:05,elec-jack,FX DocuCentre-IV 2060 PCL 6,A4(210x297mm),1:1.01899,
C:\Users\elec-jack\Desktop\15-805A_電磁閥組立鎖螺絲機\電路圖\15-805AE-05J.dwg,模型,2015/12/22 下午 05:23:14,elec-jack,FX DocuCentre-IV 2060 PCL 6,A4(210x297mm),1:1.01899,
C:\Users\elec-jack\Desktop\15-805A_電磁閥組立鎖螺絲機\電路圖\15-805AE-06A.dwg,模型,2015/12/22 下午 05:27:36,elec-jack,FX DocuCentre-IV 2060 PCL 6,A4(210x297mm),1:1.01886,
C:\Users\elec-jack\Desktop\15-805A_電磁閥組立鎖螺絲機\電路圖\15-805AE-06B.dwg,模型,2015/12/22 下午 05:27:46,elec-jack,FX DocuCentre-IV 2060 PCL 6,A4(210x297mm),1:1.01886,
C:\Users\elec-jack\Desktop\15-805A_電磁閥組立鎖螺絲機\電路圖\15-805AE-06C.dwg,模型,2015/12/22 下午 05:27:53,elec-jack,FX DocuCentre-IV 2060 PCL 6,A4(210x297mm),1:1.01886,
C:\Users\elec-jack\Desktop\15-805A_電磁閥組立鎖螺絲機\電路圖\15-805AE-07A.dwg,模型,2015/12/22 下午 05:29:50,elec-jack,FX DocuCentre-IV 2060 PCL 6,A4(210x297mm),1:1.01886,
C:\Users\elec-jack\Desktop\15-805A_電磁閥組立鎖螺絲機\電路圖\15-805AE-07B.dwg,模型,2015/12/22 下午 05:29:57,elec-jack,FX DocuCentre-IV 2060 PCL 6,A4(210x297mm),1:1.01886,
C:\Users\elec-jack\Desktop\15-805A_電磁閥組立鎖螺絲機\電路圖\15-805AE-07C.dwg,模型,2015/12/22 下午 05:30:04,elec-jack,FX DocuCentre-IV 2060 PCL 6,A4(210x297mm),1:1.01886,
C:\Users\elec-jack\Desktop\15-805A_電磁閥組立鎖螺絲機\電路圖\15-805AE-08A.dwg,模型,2015/12/22 下午 05:32:04,elec-jack,FX DocuCentre-IV 2060 PCL 6,A4(210x297mm),1:1.01886,
C:\Users\elec-jack\Desktop\15-805A_電磁閥組立鎖螺絲機\電路圖\15-805AE-08B.dwg,模型,2015/12/22 下午 05:32:11,elec-jack,FX DocuCentre-IV 2060 PCL 6,A4(210x297mm),1:1.01886,
C:\Users\elec-jack\Desktop\15-805A_電磁閥組立鎖螺絲機\電路圖\15-805AE-08C.dwg,模型,2015/12/22 下午 05:32:16,elec-jack,FX DocuCentre-IV 2060 PCL 6,A4(210x297mm),1:1.01886,
C:\Users\elec-jack\Desktop\15-805A_電磁閥組立鎖螺絲機\電路圖\15-805AE-09A.dwg,模型,2015/12/22 下午 05:32:25,elec-jack,FX DocuCentre-IV 2060 PCL 6,A4(210x297mm),1:1.01886,
C:\Users\elec-jack\Desktop\15-805A_電磁閥組立鎖螺絲機\電路圖\15-805AE-09B.dwg,模型,2015/12/22 下午 05:32:32,elec-jack,FX DocuCentre-IV 2060 PCL 6,A4(210x297mm),1:1.01886,
C:\Users\elec-jack\Desktop\15-805A_電磁閥組立鎖螺絲機\電路圖\15-805AE-09C.dwg,模型,2015/12/22 下午 05:32:39,elec-jack,FX DocuCentre-IV 2060 PCL 6,A4(210x297mm),1:1.01886,
C:\Users\elec-jack\Desktop\15-805A_電磁閥組立鎖螺絲機\電路圖\15-805AE-10A.dwg,模型,2015/12/22 下午 05:32:47,elec-jack,FX DocuCentre-IV 2060 PCL 6,A4(210x297mm),1:1.01886,
C:\Users\elec-jack\Desktop\15-805A_電磁閥組立鎖螺絲機\電路圖\15-805AE-10B.dwg,模型,2015/12/22 下午 05:32:54,elec-jack,FX DocuCentre-IV 2060 PCL 6,A4(210x297mm),1:1.01886,
C:\Users\elec-jack\Desktop\15-805A_電磁閥組立鎖螺絲機\電路圖\15-805AE-10C.dwg,模型,2015/12/22 下午 05:33:04,elec-jack,FX DocuCentre-IV 2060 PCL 6,A4(210x297mm),1:1.01899,
C:\Users\elec-jack\Desktop\15-805A_電磁閥組立鎖螺絲機\電路圖\15-805AE-11A.dwg,模型,2015/12/22 下午 05:33:15,elec-jack,FX DocuCentre-IV 2060 PCL 6,A4(210x297mm),1:1.01886,
C:\Users\elec-jack\Desktop\15-805A_電磁閥組立鎖螺絲機\電路圖\15-805AE-11B.dwg,模型,2015/12/22 下午 05:33:23,elec-jack,FX DocuCentre-IV 2060 PCL 6,A4(210x297mm),1:1.01899,
C:\Users\elec-jack\Desktop\15-805_電磁閥組立鎖螺絲機\15-805A_電磁閥組立鎖螺絲機\電路圖\15-805AE-05J.dwg,模型,2016/1/27 下午 01:39:48,elec-jack,FX DocuCentre-IV 2060 PCL 6,A4(210x297mm),1:1.01899,
C:\Users\elec-jack\Desktop\15-805_電磁閥組立鎖螺絲機\15-805A_電磁閥組立鎖螺絲機\電路圖\15-805AE-01.dwg,模型,2016/3/3 下午 03:58:28,elec-jack,FX DocuCentre-IV 2060 PCL 6,A4(210x297mm),1:1.01885,
C:\Users\elec-jack\Desktop\15-805_電磁閥組立鎖螺絲機\15-805A_電磁閥組立鎖螺絲機\電路圖\15-805AE-02.dwg,模型,2016/3/3 下午 03:58:40,elec-jack,FX DocuCentre-IV 2060 PCL 6,A4(210x297mm),1:1.01885,
C:\Users\elec-jack\Desktop\15-805_電磁閥組立鎖螺絲機\15-805A_電磁閥組立鎖螺絲機\電路圖\15-805AE-03.dwg,模型,2016/3/3 下午 03:58:52,elec-jack,FX DocuCentre-IV 2060 PCL 6,A4(210x297mm),1:1.01885,
C:\Users\elec-jack\Desktop\15-805_電磁閥組立鎖螺絲機\15-805A_電磁閥組立鎖螺絲機\電路圖\15-805AE-04A.dwg,模型,2016/3/3 下午 03:59:01,elec-jack,FX DocuCentre-IV 2060 PCL 6,A4(210x297mm),1:1.01885,
C:\Users\elec-jack\Desktop\15-805_電磁閥組立鎖螺絲機\15-805A_電磁閥組立鎖螺絲機\電路圖\15-805AE-04B.dwg,模型,2016/3/3 下午 03:59:09,elec-jack,FX DocuCentre-IV 2060 PCL 6,A4(210x297mm),1:1.01885,
C:\Users\elec-jack\Desktop\15-805_電磁閥組立鎖螺絲機\15-805A_電磁閥組立鎖螺絲機\電路圖\15-805AE-07A.dwg,模型,2016/3/3 下午 04:01:01,elec-jack,FX DocuCentre-IV 2060 PCL 6,A4(210x297mm),1:1.01886,
C:\Users\elec-jack\Desktop\15-805_電磁閥組立鎖螺絲機\15-805A_電磁閥組立鎖螺絲機\電路圖\15-805AE-07B.dwg,模型,2016/3/3 下午 04:01:13,elec-jack,FX DocuCentre-IV 2060 PCL 6,A4(210x297mm),1:1.01886,
C:\Users\elec-jack\Desktop\15-805_電磁閥組立鎖螺絲機\15-805A_電磁閥組立鎖螺絲機\電路圖\15-805AE-08A.dwg,模型,2016/3/3 下午 04:01:32,elec-jack,FX DocuCentre-IV 2060 PCL 6,A4(210x297mm),1:1.01903,
C:\Users\elec-jack\Desktop\15-805_電磁閥組立鎖螺絲機\15-805A_電磁閥組立鎖螺絲機\電路圖\15-805AE-09A.dwg,模型,2016/3/3 下午 04:01:44,elec-jack,FX DocuCentre-IV 2060 PCL 6,A4(210x297mm),1:1.01886,
C:\Users\elec-jack\Desktop\15-805_電磁閥組立鎖螺絲機\15-805A_電磁閥組立鎖螺絲機\電路圖\15-805AE-09B.dwg,模型,2016/3/3 下午 04:01:57,elec-jack,FX DocuCentre-IV 2060 PCL 6,A4(210x297mm),1:1.01886,
C:\Users\elec-jack\Desktop\15-805_電磁閥組立鎖螺絲機\15-805A_電磁閥組立鎖螺絲機\電路圖\15-805AE-12A.dwg,模型,2016/3/3 下午 04:02:11,elec-jack,FX DocuCentre-IV 2060 PCL 6,A4(210x297mm),1:1.01893,
C:\Users\elec-jack\Desktop\15-805_電磁閥組立鎖螺絲機\15-805A_電磁閥組立鎖螺絲機\電路圖\15-805AE-13A.dwg,模型,2016/3/3 下午 04:02:21,elec-jack,FX DocuCentre-IV 2060 PCL 6,A4(210x297mm),1:1.01886,
C:\Users\elec-jack\Desktop\15-805_電磁閥組立鎖螺絲機\15-805A_電磁閥組立鎖螺絲機\電路圖\15-805AE-13B.dwg,模型,2016/3/3 下午 04:02:31,elec-jack,FX DocuCentre-IV 2060 PCL 6,A4(210x297mm),1:1.01896,
C:\Users\elec-jack\Desktop\15-805_電磁閥組立鎖螺絲機\15-805A_電磁閥組立鎖螺絲機\電路圖\15-805AE-14A.dwg,模型,2016/3/3 下午 04:02:41,elec-jack,FX DocuCentre-IV 2060 PCL 6,A4(210x297mm),1:1.01886,
C:\Users\elec-jack\Desktop\15-805_電磁閥組立鎖螺絲機\15-805A_電磁閥組立鎖螺絲機\電路圖\15-805AE-14B.dwg,模型,2016/3/3 下午 04:02:48,elec-jack,FX DocuCentre-IV 2060 PCL 6,A4(210x297mm),1:1.01886,
