C:\Users\elec-jack\Desktop\15-1104_自動進料壓鉚機\電路圖\15-1104E-01.dwg,模型,2015/12/15 下午 03:45:29,elec-jack,FX DocuCentre-IV 2060 PCL 6,A4(210x297mm),1:1.01885,
C:\Users\elec-jack\Desktop\15-1104_自動進料壓鉚機\電路圖\15-1104E-02.dwg,模型,2015/12/15 下午 03:45:34,elec-jack,FX DocuCentre-IV 2060 PCL 6,A4(210x297mm),1:1.01885,
C:\Users\elec-jack\Desktop\15-1104_自動進料壓鉚機\電路圖\15-1104E-03.dwg,模型,2015/12/15 下午 03:45:39,elec-jack,FX DocuCentre-IV 2060 PCL 6,A4(210x297mm),1:1.01886,
C:\Users\elec-jack\Desktop\15-1104_自動進料壓鉚機\電路圖\15-1104E-04.dwg,模型,2015/12/15 下午 03:45:44,elec-jack,FX DocuCentre-IV 2060 PCL 6,A4(210x297mm),1:1.01899,
Z:\進行中工作\105-Jan16_自動進料壓鉚機追加CCD檢測及退料\電路圖\105-Jan16E-01.dwg,模型,2016/3/1 下午 02:57:04,elec-jack,FX DocuCentre-IV 2060 PCL 6,A4(210x297mm),1:1.01885,
Z:\進行中工作\105-Jan16_自動進料壓鉚機追加CCD檢測及退料\電路圖\105-Jan16E-02.dwg,模型,2016/3/1 下午 02:57:14,elec-jack,FX DocuCentre-IV 2060 PCL 6,A4(210x297mm),1:1.01886,
Z:\進行中工作\105-Jan16_自動進料壓鉚機追加CCD檢測及退料\電路圖\105-Jan16E-03.dwg,模型,2016/3/1 下午 02:57:22,elec-jack,FX DocuCentre-IV 2060 PCL 6,A4(210x297mm),1:1.01899,
Z:\進行中工作\105-Jan16_自動進料壓鉚機追加CCD檢測及退料\電路圖\105-Jan16E-04.dwg,模型,2016/3/1 下午 02:57:39,elec-jack,FX DocuCentre-IV 2060 PCL 6,A4(210x297mm),1:1.01885,
Z:\已完成工作\2015\15-1104_自動進料壓鉚機\105-Jan16_自動進料壓鉚機追加CCD檢測及退料\電路圖\105-Jan16E-01.dwg,模型,2016/6/29 上午 08:57:27,WorkJack,FX DocuCentre-IV 2060 PCL 6,A4(210x297mm),1:1.01885,
Z:\已完成工作\2015\15-1104_自動進料壓鉚機\105-Jan16_自動進料壓鉚機追加CCD檢測及退料\電路圖\105-Jan16E-02.dwg,模型,2016/6/29 上午 08:57:37,WorkJack,FX DocuCentre-IV 2060 PCL 6,A4(210x297mm),1:1.01907,
Z:\已完成工作\2015\15-1104_自動進料壓鉚機\105-Jan16_自動進料壓鉚機追加CCD檢測及退料\電路圖\105-Jan16E-03.dwg,模型,2016/6/29 上午 08:57:47,WorkJack,FX DocuCentre-IV 2060 PCL 6,A4(210x297mm),1:1.01902,
Z:\已完成工作\2015\15-1104_自動進料壓鉚機\105-Jan16_自動進料壓鉚機追加CCD檢測及退料\電路圖\105-Jan16E-04.dwg,模型,2016/6/29 上午 08:57:56,WorkJack,FX DocuCentre-IV 2060 PCL 6,A4(210x297mm),1:1.01885,
C:\Users\USER\Desktop\105-Jan16_自動進料壓鉚機追加CCD檢測及退料\電路圖\105-Jan16E-02.dwg,模型,2016/8/18 上午 10:53:27,USER,FUJI XEROX DocuPrint M355 df,A4,1:1.0195,
C:\Users\USER\Desktop\105-Jan16_自動進料壓鉚機追加CCD檢測及退料\電路圖\105-Jan16E-01.dwg,模型,2016/8/18 上午 10:53:36,USER,FUJI XEROX DocuPrint M355 df,A4,1:1.01949,
C:\Users\USER\Desktop\105-Jan16_自動進料壓鉚機追加CCD檢測及退料\電路圖\105-Jan16E-03.dwg,模型,2016/8/18 上午 10:53:44,USER,FUJI XEROX DocuPrint M355 df,A4,1:1.01963,
C:\Users\USER\Desktop\105-Jan16_自動進料壓鉚機追加CCD檢測及退料\電路圖\105-Jan16E-04.dwg,模型,2016/8/18 上午 10:53:51,USER,FUJI XEROX DocuPrint M355 df,A4,1:1.01949,
C:\Users\USER\Desktop\105-Jan16_自動進料壓鉚機追加CCD檢測及退料\電路圖\105-Jan16E-02.dwg,模型,2016/8/18 上午 11:02:19,USER,FUJI XEROX DocuPrint M355 df,A4,1:1.0195,
C:\Users\USER\Desktop\105-Jan16_自動進料壓鉚機追加CCD檢測及退料\電路圖\105-Jan16E-02.dwg,模型,2016/8/18 上午 11:27:24,USER,FUJI XEROX DocuPrint M355 df,A4,1:1.0195,
D:\andy\我的\16-603_高扭力鎖閥蓋機\電路圖\16-603E-01.dwg,模型,2016/8/18 下午 02:38:36,USER,FUJI XEROX DocuPrint M355 df,A4,1:1.01949,
D:\andy\我的\16-603_高扭力鎖閥蓋機\電路圖\16-603E-02.dwg,模型,2016/8/18 下午 02:38:50,USER,FUJI XEROX DocuPrint M355 df,A4,1:1.01949,
D:\andy\我的\16-603_高扭力鎖閥蓋機\電路圖\16-603E-03.dwg,模型,2016/8/18 下午 02:39:04,USER,FUJI XEROX DocuPrint M355 df,A4,1:1.0195,
D:\andy\我的\16-603_高扭力鎖閥蓋機\電路圖\16-603E-04.dwg,模型,2016/8/18 下午 02:39:21,USER,FUJI XEROX DocuPrint M355 df,A4,1:1.01963,
D:\andy\我的\16-603_高扭力鎖閥蓋機\電路圖\16-603E-05.dwg,模型,2016/8/18 下午 02:39:36,USER,FUJI XEROX DocuPrint M355 df,A4,1:1.01949,
D:\andy\我的\16-603_高扭力鎖閥蓋機\電路圖\16-603E-06.dwg,模型,2016/8/18 下午 02:39:55,USER,FUJI XEROX DocuPrint M355 df,A4,1:1.01949,
D:\andy\我的\16-603_高扭力鎖閥蓋機\電路圖\16-603E-06.dwg,模型,2016/8/18 下午 03:14:31,USER,FUJI XEROX DocuPrint M355 df,A4,1:1.27384,
D:\andy\我的\16-603_高扭力鎖閥蓋機\電路圖\16-603E-06.dwg,模型,2016/8/18 下午 03:14:46,USER,FUJI XEROX DocuPrint M355 df,A4,1:1.01949,
