C:\Users\elec-jack\Desktop\15-805B_電磁閥組立鎖螺絲機\電路圖\15-805BE-01.dwg,模型,2015/12/22 下午 05:41:45,elec-jack,FX DocuCentre-IV 2060 PCL 6,A4(210x297mm),1:1.01885,
C:\Users\elec-jack\Desktop\15-805B_電磁閥組立鎖螺絲機\電路圖\15-805BE-02.dwg,模型,2015/12/22 下午 05:41:51,elec-jack,FX DocuCentre-IV 2060 PCL 6,A4(210x297mm),1:1.01885,
C:\Users\elec-jack\Desktop\15-805B_電磁閥組立鎖螺絲機\電路圖\15-805BE-03A.dwg,模型,2015/12/22 下午 05:42:00,elec-jack,FX DocuCentre-IV 2060 PCL 6,A4(210x297mm),1:1.01886,
C:\Users\elec-jack\Desktop\15-805B_電磁閥組立鎖螺絲機\電路圖\15-805BE-03B.dwg,模型,2015/12/22 下午 05:42:08,elec-jack,FX DocuCentre-IV 2060 PCL 6,A4(210x297mm),1:1.01886,
C:\Users\elec-jack\Desktop\15-805B_電磁閥組立鎖螺絲機\電路圖\15-805BE-03C.dwg,模型,2015/12/22 下午 05:42:21,elec-jack,FX DocuCentre-IV 2060 PCL 6,A4(210x297mm),1:1.01886,
C:\Users\elec-jack\Desktop\15-805B_電磁閥組立鎖螺絲機\電路圖\15-805BE-04A.dwg,模型,2015/12/22 下午 05:42:28,elec-jack,FX DocuCentre-IV 2060 PCL 6,A4(210x297mm),1:1.01886,
C:\Users\elec-jack\Desktop\15-805B_電磁閥組立鎖螺絲機\電路圖\15-805BE-04B.dwg,模型,2015/12/22 下午 05:42:39,elec-jack,FX DocuCentre-IV 2060 PCL 6,A4(210x297mm),1:1.01886,
C:\Users\elec-jack\Desktop\15-805B_電磁閥組立鎖螺絲機\電路圖\15-805BE-04C.dwg,模型,2015/12/22 下午 05:42:48,elec-jack,FX DocuCentre-IV 2060 PCL 6,A4(210x297mm),1:1.01886,
C:\Users\elec-jack\Desktop\15-805B_電磁閥組立鎖螺絲機\電路圖\15-805BE-05A.dwg,模型,2015/12/22 下午 05:42:55,elec-jack,FX DocuCentre-IV 2060 PCL 6,A4(210x297mm),1:1.01899,
C:\Users\elec-jack\Desktop\15-805B_電磁閥組立鎖螺絲機\電路圖\15-805BE-05B.dwg,模型,2015/12/22 下午 05:43:02,elec-jack,FX DocuCentre-IV 2060 PCL 6,A4(210x297mm),1:1.01899,
C:\Users\elec-jack\Desktop\15-805B_電磁閥組立鎖螺絲機\電路圖\15-805BE-06.dwg,模型,2015/12/22 下午 05:43:10,elec-jack,FX DocuCentre-IV 2060 PCL 6,A4(210x297mm),1:1.01886,
C:\Users\elec-jack\Desktop\15-805_電磁閥組立鎖螺絲機\15-805B_電磁閥組立鎖螺絲機\電路圖\15-805BE-01.dwg,模型,2016/3/16 上午 08:10:10,elec-jack,FX DocuCentre-IV 2060 PCL 6,A4(210x297mm),1:1.01885,
C:\Users\elec-jack\Desktop\15-805_電磁閥組立鎖螺絲機\15-805B_電磁閥組立鎖螺絲機\電路圖\15-805BE-02.dwg,模型,2016/3/16 上午 08:10:26,elec-jack,FX DocuCentre-IV 2060 PCL 6,A4(210x297mm),1:1.01885,
C:\Users\elec-jack\Desktop\15-805_電磁閥組立鎖螺絲機\15-805B_電磁閥組立鎖螺絲機\電路圖\15-805BE-03A.dwg,模型,2016/3/16 上午 08:10:40,elec-jack,FX DocuCentre-IV 2060 PCL 6,A4(210x297mm),1:1.01886,
C:\Users\elec-jack\Desktop\15-805_電磁閥組立鎖螺絲機\15-805B_電磁閥組立鎖螺絲機\電路圖\15-805BE-03B.dwg,模型,2016/3/16 上午 08:10:49,elec-jack,FX DocuCentre-IV 2060 PCL 6,A4(210x297mm),1:1.01886,
C:\Users\elec-jack\Desktop\15-805_電磁閥組立鎖螺絲機\15-805B_電磁閥組立鎖螺絲機\電路圖\15-805BE-03C.dwg,模型,2016/3/16 上午 08:11:01,elec-jack,FX DocuCentre-IV 2060 PCL 6,A4(210x297mm),1:1.01886,
C:\Users\elec-jack\Desktop\15-805_電磁閥組立鎖螺絲機\15-805B_電磁閥組立鎖螺絲機\電路圖\15-805BE-04A.dwg,模型,2016/3/16 上午 08:11:12,elec-jack,FX DocuCentre-IV 2060 PCL 6,A4(210x297mm),1:1.01886,
C:\Users\elec-jack\Desktop\15-805_電磁閥組立鎖螺絲機\15-805B_電磁閥組立鎖螺絲機\電路圖\15-805BE-04B.dwg,模型,2016/3/16 上午 08:11:22,elec-jack,FX DocuCentre-IV 2060 PCL 6,A4(210x297mm),1:1.01886,
C:\Users\elec-jack\Desktop\15-805_電磁閥組立鎖螺絲機\15-805B_電磁閥組立鎖螺絲機\電路圖\15-805BE-04C.dwg,模型,2016/3/16 上午 08:11:33,elec-jack,FX DocuCentre-IV 2060 PCL 6,A4(210x297mm),1:1.01886,
C:\Users\elec-jack\Desktop\15-805_電磁閥組立鎖螺絲機\15-805B_電磁閥組立鎖螺絲機\電路圖\15-805BE-05A.dwg,模型,2016/3/16 上午 08:11:44,elec-jack,FX DocuCentre-IV 2060 PCL 6,A4(210x297mm),1:1.01899,
C:\Users\elec-jack\Desktop\15-805_電磁閥組立鎖螺絲機\15-805B_電磁閥組立鎖螺絲機\電路圖\15-805BE-05B.dwg,模型,2016/3/16 上午 08:11:52,elec-jack,FX DocuCentre-IV 2060 PCL 6,A4(210x297mm),1:1.01899,
C:\Users\elec-jack\Desktop\15-805_電磁閥組立鎖螺絲機\15-805B_電磁閥組立鎖螺絲機\電路圖\15-805BE-06.dwg,模型,2016/3/16 上午 08:12:02,elec-jack,FX DocuCentre-IV 2060 PCL 6,A4(210x297mm),1:1.01886,
